

Microchip Technology PIC LITE Macro Assembler V1.45 build -152302408 
                                                                                               Mon Apr 29 14:12:13 2019

Microchip Technology Omniscient Code Generator v1.45 (Free mode) build 201711160504
     1                           	processor	16F1705
     2                           	opt	pw 120
     3                           	opt	lm
     4                           	psect	cinit,global,class=CODE,merge=1,delta=2
     5                           	psect	cstackCOMMON,global,class=COMMON,space=1,delta=1
     6                           	psect	maintext,global,class=CODE,merge=1,split=1,delta=2
     7                           	psect	text1,local,class=CODE,merge=1,delta=2
     8                           	psect	text2,local,class=CODE,merge=1,delta=2
     9                           	psect	intentry,global,class=CODE,delta=2
    10                           	dabs	1,0x7E,2
    11  0000                     
    12                           ; Version 1.45
    13                           ; Generated 16/11/2017 GMT
    14                           ; 
    15                           ; Copyright © 2017, Microchip Technology Inc. and its subsidiaries ("Microchip")
    16                           ; All rights reserved.
    17                           ; 
    18                           ; This software is developed by Microchip Technology Inc. and its subsidiaries ("Microch
      +                          ip").
    19                           ; 
    20                           ; Redistribution and use in source and binary forms, with or without modification, are
    21                           ; permitted provided that the following conditions are met:
    22                           ; 
    23                           ;     1. Redistributions of source code must retain the above copyright notice, this lis
      +                          t of
    24                           ;        conditions and the following disclaimer.
    25                           ; 
    26                           ;     2. Redistributions in binary form must reproduce the above copyright notice, this 
      +                          list
    27                           ;        of conditions and the following disclaimer in the documentation and/or other
    28                           ;        materials provided with the distribution.
    29                           ; 
    30                           ;     3. Microchip's name may not be used to endorse or promote products derived from th
      +                          is
    31                           ;        software without specific prior written permission.
    32                           ; 
    33                           ; THIS SOFTWARE IS PROVIDED BY MICROCHIP "AS IS" AND ANY EXPRESS OR IMPLIED WARRANTIES,
    34                           ; INCLUDING, BUT NOT LIMITED TO, THE IMPLIED WARRANTIES OF MERCHANTABILITY AND FITNESS F
      +                          OR
    35                           ; PURPOSE ARE DISCLAIMED.  IN NO EVENT SHALL MICROCHIP BE LIABLE FOR ANY DIRECT, INDIREC
      +                          T,
    36                           ; INCIDENTAL, SPECIAL, EXEMPLARY, OR CONSEQUENTIAL DAMAGES (INCLUDING BUT NOT LIMITED TO
    37                           ; PROCUREMENT OF SUBSTITUTE GOODS OR SERVICES; LOSS OF USE, DATA OR PROFITS; OR BUSINESS
    38                           ; INTERRUPTION) HOWSOEVER CAUSED AND ON ANY THEORY OF LIABILITY, WHETHER IN CONTRACT, ST
      +                          RICT
    39                           ; LIABILITY, OR TORT (INCLUDING NEGLIGENCE OR OTHERWISE) ARISING IN ANY WAY OUT OF THE U
      +                          SE OF
    40                           ; THIS SOFTWARE, EVEN IF ADVISED OF THE POSSIBILITY OF SUCH DAMAGE.
    41                           ; 
    42                           ; 
    43                           ; Code-generator required, PIC16F1705 Definitions
    44                           ; 
    45                           ; SFR Addresses
    46  0000                     	;# 
    47  0001                     	;# 
    48  0002                     	;# 
    49  0003                     	;# 
    50  0004                     	;# 
    51  0005                     	;# 
    52  0006                     	;# 
    53  0007                     	;# 
    54  0008                     	;# 
    55  0009                     	;# 
    56  000A                     	;# 
    57  000B                     	;# 
    58  000C                     	;# 
    59  000E                     	;# 
    60  0011                     	;# 
    61  0012                     	;# 
    62  0013                     	;# 
    63  0015                     	;# 
    64  0016                     	;# 
    65  0016                     	;# 
    66  0017                     	;# 
    67  0018                     	;# 
    68  0019                     	;# 
    69  001A                     	;# 
    70  001B                     	;# 
    71  001C                     	;# 
    72  008C                     	;# 
    73  008E                     	;# 
    74  0091                     	;# 
    75  0092                     	;# 
    76  0093                     	;# 
    77  0095                     	;# 
    78  0096                     	;# 
    79  0097                     	;# 
    80  0098                     	;# 
    81  0099                     	;# 
    82  009A                     	;# 
    83  009B                     	;# 
    84  009B                     	;# 
    85  009C                     	;# 
    86  009D                     	;# 
    87  009E                     	;# 
    88  009F                     	;# 
    89  010C                     	;# 
    90  010E                     	;# 
    91  0111                     	;# 
    92  0112                     	;# 
    93  0113                     	;# 
    94  0114                     	;# 
    95  0115                     	;# 
    96  0116                     	;# 
    97  0117                     	;# 
    98  0118                     	;# 
    99  0119                     	;# 
   100  011C                     	;# 
   101  018C                     	;# 
   102  018E                     	;# 
   103  0191                     	;# 
   104  0191                     	;# 
   105  0192                     	;# 
   106  0193                     	;# 
   107  0193                     	;# 
   108  0194                     	;# 
   109  0195                     	;# 
   110  0196                     	;# 
   111  0197                     	;# 
   112  0199                     	;# 
   113  0199                     	;# 
   114  0199                     	;# 
   115  019A                     	;# 
   116  019A                     	;# 
   117  019A                     	;# 
   118  019B                     	;# 
   119  019B                     	;# 
   120  019B                     	;# 
   121  019B                     	;# 
   122  019B                     	;# 
   123  019C                     	;# 
   124  019C                     	;# 
   125  019C                     	;# 
   126  019D                     	;# 
   127  019D                     	;# 
   128  019D                     	;# 
   129  019E                     	;# 
   130  019E                     	;# 
   131  019E                     	;# 
   132  019F                     	;# 
   133  019F                     	;# 
   134  019F                     	;# 
   135  019F                     	;# 
   136  019F                     	;# 
   137  020C                     	;# 
   138  020E                     	;# 
   139  0211                     	;# 
   140  0211                     	;# 
   141  0212                     	;# 
   142  0212                     	;# 
   143  0213                     	;# 
   144  0213                     	;# 
   145  0214                     	;# 
   146  0214                     	;# 
   147  0215                     	;# 
   148  0215                     	;# 
   149  0215                     	;# 
   150  0215                     	;# 
   151  0216                     	;# 
   152  0216                     	;# 
   153  0217                     	;# 
   154  0217                     	;# 
   155  028C                     	;# 
   156  028E                     	;# 
   157  0291                     	;# 
   158  0291                     	;# 
   159  0292                     	;# 
   160  0293                     	;# 
   161  0293                     	;# 
   162  0298                     	;# 
   163  0298                     	;# 
   164  0299                     	;# 
   165  029A                     	;# 
   166  029A                     	;# 
   167  029E                     	;# 
   168  030C                     	;# 
   169  030E                     	;# 
   170  038C                     	;# 
   171  038E                     	;# 
   172  0391                     	;# 
   173  0392                     	;# 
   174  0393                     	;# 
   175  0397                     	;# 
   176  0398                     	;# 
   177  0399                     	;# 
   178  0415                     	;# 
   179  0416                     	;# 
   180  0417                     	;# 
   181  041C                     	;# 
   182  041D                     	;# 
   183  041E                     	;# 
   184  0511                     	;# 
   185  0515                     	;# 
   186  0617                     	;# 
   187  0618                     	;# 
   188  0619                     	;# 
   189  0619                     	;# 
   190  061A                     	;# 
   191  061B                     	;# 
   192  061C                     	;# 
   193  061C                     	;# 
   194  0691                     	;# 
   195  0692                     	;# 
   196  0693                     	;# 
   197  0694                     	;# 
   198  0695                     	;# 
   199  0696                     	;# 
   200  0697                     	;# 
   201  0698                     	;# 
   202  0699                     	;# 
   203  069A                     	;# 
   204  069B                     	;# 
   205  069C                     	;# 
   206  069D                     	;# 
   207  069E                     	;# 
   208  069F                     	;# 
   209  0E0F                     	;# 
   210  0E10                     	;# 
   211  0E11                     	;# 
   212  0E12                     	;# 
   213  0E13                     	;# 
   214  0E14                     	;# 
   215  0E15                     	;# 
   216  0E17                     	;# 
   217  0E20                     	;# 
   218  0E21                     	;# 
   219  0E22                     	;# 
   220  0E24                     	;# 
   221  0E25                     	;# 
   222  0E28                     	;# 
   223  0E29                     	;# 
   224  0E2A                     	;# 
   225  0E2B                     	;# 
   226  0E90                     	;# 
   227  0E91                     	;# 
   228  0E92                     	;# 
   229  0E94                     	;# 
   230  0E95                     	;# 
   231  0EA0                     	;# 
   232  0EA1                     	;# 
   233  0EA2                     	;# 
   234  0EA3                     	;# 
   235  0EA4                     	;# 
   236  0EA5                     	;# 
   237  0F0F                     	;# 
   238  0F10                     	;# 
   239  0F11                     	;# 
   240  0F12                     	;# 
   241  0F13                     	;# 
   242  0F14                     	;# 
   243  0F15                     	;# 
   244  0F16                     	;# 
   245  0F17                     	;# 
   246  0F18                     	;# 
   247  0F19                     	;# 
   248  0F1A                     	;# 
   249  0F1B                     	;# 
   250  0F1C                     	;# 
   251  0F1D                     	;# 
   252  0F1E                     	;# 
   253  0F1F                     	;# 
   254  0F20                     	;# 
   255  0F21                     	;# 
   256  0F22                     	;# 
   257  0F23                     	;# 
   258  0F24                     	;# 
   259  0F25                     	;# 
   260  0F26                     	;# 
   261  0F27                     	;# 
   262  0F28                     	;# 
   263  0F29                     	;# 
   264  0F2A                     	;# 
   265  0F2B                     	;# 
   266  0F2C                     	;# 
   267  0F2D                     	;# 
   268  0F9E                     	;# 
   269  0FE4                     	;# 
   270  0FE5                     	;# 
   271  0FE6                     	;# 
   272  0FE7                     	;# 
   273  0FE8                     	;# 
   274  0FE9                     	;# 
   275  0FEA                     	;# 
   276  0FEB                     	;# 
   277  0FED                     	;# 
   278  0FEE                     	;# 
   279  0FEF                     	;# 
   280  0000                     	;# 
   281  0001                     	;# 
   282  0002                     	;# 
   283  0003                     	;# 
   284  0004                     	;# 
   285  0005                     	;# 
   286  0006                     	;# 
   287  0007                     	;# 
   288  0008                     	;# 
   289  0009                     	;# 
   290  000A                     	;# 
   291  000B                     	;# 
   292  000C                     	;# 
   293  000E                     	;# 
   294  0011                     	;# 
   295  0012                     	;# 
   296  0013                     	;# 
   297  0015                     	;# 
   298  0016                     	;# 
   299  0016                     	;# 
   300  0017                     	;# 
   301  0018                     	;# 
   302  0019                     	;# 
   303  001A                     	;# 
   304  001B                     	;# 
   305  001C                     	;# 
   306  008C                     	;# 
   307  008E                     	;# 
   308  0091                     	;# 
   309  0092                     	;# 
   310  0093                     	;# 
   311  0095                     	;# 
   312  0096                     	;# 
   313  0097                     	;# 
   314  0098                     	;# 
   315  0099                     	;# 
   316  009A                     	;# 
   317  009B                     	;# 
   318  009B                     	;# 
   319  009C                     	;# 
   320  009D                     	;# 
   321  009E                     	;# 
   322  009F                     	;# 
   323  010C                     	;# 
   324  010E                     	;# 
   325  0111                     	;# 
   326  0112                     	;# 
   327  0113                     	;# 
   328  0114                     	;# 
   329  0115                     	;# 
   330  0116                     	;# 
   331  0117                     	;# 
   332  0118                     	;# 
   333  0119                     	;# 
   334  011C                     	;# 
   335  018C                     	;# 
   336  018E                     	;# 
   337  0191                     	;# 
   338  0191                     	;# 
   339  0192                     	;# 
   340  0193                     	;# 
   341  0193                     	;# 
   342  0194                     	;# 
   343  0195                     	;# 
   344  0196                     	;# 
   345  0197                     	;# 
   346  0199                     	;# 
   347  0199                     	;# 
   348  0199                     	;# 
   349  019A                     	;# 
   350  019A                     	;# 
   351  019A                     	;# 
   352  019B                     	;# 
   353  019B                     	;# 
   354  019B                     	;# 
   355  019B                     	;# 
   356  019B                     	;# 
   357  019C                     	;# 
   358  019C                     	;# 
   359  019C                     	;# 
   360  019D                     	;# 
   361  019D                     	;# 
   362  019D                     	;# 
   363  019E                     	;# 
   364  019E                     	;# 
   365  019E                     	;# 
   366  019F                     	;# 
   367  019F                     	;# 
   368  019F                     	;# 
   369  019F                     	;# 
   370  019F                     	;# 
   371  020C                     	;# 
   372  020E                     	;# 
   373  0211                     	;# 
   374  0211                     	;# 
   375  0212                     	;# 
   376  0212                     	;# 
   377  0213                     	;# 
   378  0213                     	;# 
   379  0214                     	;# 
   380  0214                     	;# 
   381  0215                     	;# 
   382  0215                     	;# 
   383  0215                     	;# 
   384  0215                     	;# 
   385  0216                     	;# 
   386  0216                     	;# 
   387  0217                     	;# 
   388  0217                     	;# 
   389  028C                     	;# 
   390  028E                     	;# 
   391  0291                     	;# 
   392  0291                     	;# 
   393  0292                     	;# 
   394  0293                     	;# 
   395  0293                     	;# 
   396  0298                     	;# 
   397  0298                     	;# 
   398  0299                     	;# 
   399  029A                     	;# 
   400  029A                     	;# 
   401  029E                     	;# 
   402  030C                     	;# 
   403  030E                     	;# 
   404  038C                     	;# 
   405  038E                     	;# 
   406  0391                     	;# 
   407  0392                     	;# 
   408  0393                     	;# 
   409  0397                     	;# 
   410  0398                     	;# 
   411  0399                     	;# 
   412  0415                     	;# 
   413  0416                     	;# 
   414  0417                     	;# 
   415  041C                     	;# 
   416  041D                     	;# 
   417  041E                     	;# 
   418  0511                     	;# 
   419  0515                     	;# 
   420  0617                     	;# 
   421  0618                     	;# 
   422  0619                     	;# 
   423  0619                     	;# 
   424  061A                     	;# 
   425  061B                     	;# 
   426  061C                     	;# 
   427  061C                     	;# 
   428  0691                     	;# 
   429  0692                     	;# 
   430  0693                     	;# 
   431  0694                     	;# 
   432  0695                     	;# 
   433  0696                     	;# 
   434  0697                     	;# 
   435  0698                     	;# 
   436  0699                     	;# 
   437  069A                     	;# 
   438  069B                     	;# 
   439  069C                     	;# 
   440  069D                     	;# 
   441  069E                     	;# 
   442  069F                     	;# 
   443  0E0F                     	;# 
   444  0E10                     	;# 
   445  0E11                     	;# 
   446  0E12                     	;# 
   447  0E13                     	;# 
   448  0E14                     	;# 
   449  0E15                     	;# 
   450  0E17                     	;# 
   451  0E20                     	;# 
   452  0E21                     	;# 
   453  0E22                     	;# 
   454  0E24                     	;# 
   455  0E25                     	;# 
   456  0E28                     	;# 
   457  0E29                     	;# 
   458  0E2A                     	;# 
   459  0E2B                     	;# 
   460  0E90                     	;# 
   461  0E91                     	;# 
   462  0E92                     	;# 
   463  0E94                     	;# 
   464  0E95                     	;# 
   465  0EA0                     	;# 
   466  0EA1                     	;# 
   467  0EA2                     	;# 
   468  0EA3                     	;# 
   469  0EA4                     	;# 
   470  0EA5                     	;# 
   471  0F0F                     	;# 
   472  0F10                     	;# 
   473  0F11                     	;# 
   474  0F12                     	;# 
   475  0F13                     	;# 
   476  0F14                     	;# 
   477  0F15                     	;# 
   478  0F16                     	;# 
   479  0F17                     	;# 
   480  0F18                     	;# 
   481  0F19                     	;# 
   482  0F1A                     	;# 
   483  0F1B                     	;# 
   484  0F1C                     	;# 
   485  0F1D                     	;# 
   486  0F1E                     	;# 
   487  0F1F                     	;# 
   488  0F20                     	;# 
   489  0F21                     	;# 
   490  0F22                     	;# 
   491  0F23                     	;# 
   492  0F24                     	;# 
   493  0F25                     	;# 
   494  0F26                     	;# 
   495  0F27                     	;# 
   496  0F28                     	;# 
   497  0F29                     	;# 
   498  0F2A                     	;# 
   499  0F2B                     	;# 
   500  0F2C                     	;# 
   501  0F2D                     	;# 
   502  0F9E                     	;# 
   503  0FE4                     	;# 
   504  0FE5                     	;# 
   505  0FE6                     	;# 
   506  0FE7                     	;# 
   507  0FE8                     	;# 
   508  0FE9                     	;# 
   509  0FEA                     	;# 
   510  0FEB                     	;# 
   511  0FED                     	;# 
   512  0FEE                     	;# 
   513  0FEF                     	;# 
   514  0000                     	;# 
   515  0001                     	;# 
   516  0002                     	;# 
   517  0003                     	;# 
   518  0004                     	;# 
   519  0005                     	;# 
   520  0006                     	;# 
   521  0007                     	;# 
   522  0008                     	;# 
   523  0009                     	;# 
   524  000A                     	;# 
   525  000B                     	;# 
   526  000C                     	;# 
   527  000E                     	;# 
   528  0011                     	;# 
   529  0012                     	;# 
   530  0013                     	;# 
   531  0015                     	;# 
   532  0016                     	;# 
   533  0016                     	;# 
   534  0017                     	;# 
   535  0018                     	;# 
   536  0019                     	;# 
   537  001A                     	;# 
   538  001B                     	;# 
   539  001C                     	;# 
   540  008C                     	;# 
   541  008E                     	;# 
   542  0091                     	;# 
   543  0092                     	;# 
   544  0093                     	;# 
   545  0095                     	;# 
   546  0096                     	;# 
   547  0097                     	;# 
   548  0098                     	;# 
   549  0099                     	;# 
   550  009A                     	;# 
   551  009B                     	;# 
   552  009B                     	;# 
   553  009C                     	;# 
   554  009D                     	;# 
   555  009E                     	;# 
   556  009F                     	;# 
   557  010C                     	;# 
   558  010E                     	;# 
   559  0111                     	;# 
   560  0112                     	;# 
   561  0113                     	;# 
   562  0114                     	;# 
   563  0115                     	;# 
   564  0116                     	;# 
   565  0117                     	;# 
   566  0118                     	;# 
   567  0119                     	;# 
   568  011C                     	;# 
   569  018C                     	;# 
   570  018E                     	;# 
   571  0191                     	;# 
   572  0191                     	;# 
   573  0192                     	;# 
   574  0193                     	;# 
   575  0193                     	;# 
   576  0194                     	;# 
   577  0195                     	;# 
   578  0196                     	;# 
   579  0197                     	;# 
   580  0199                     	;# 
   581  0199                     	;# 
   582  0199                     	;# 
   583  019A                     	;# 
   584  019A                     	;# 
   585  019A                     	;# 
   586  019B                     	;# 
   587  019B                     	;# 
   588  019B                     	;# 
   589  019B                     	;# 
   590  019B                     	;# 
   591  019C                     	;# 
   592  019C                     	;# 
   593  019C                     	;# 
   594  019D                     	;# 
   595  019D                     	;# 
   596  019D                     	;# 
   597  019E                     	;# 
   598  019E                     	;# 
   599  019E                     	;# 
   600  019F                     	;# 
   601  019F                     	;# 
   602  019F                     	;# 
   603  019F                     	;# 
   604  019F                     	;# 
   605  020C                     	;# 
   606  020E                     	;# 
   607  0211                     	;# 
   608  0211                     	;# 
   609  0212                     	;# 
   610  0212                     	;# 
   611  0213                     	;# 
   612  0213                     	;# 
   613  0214                     	;# 
   614  0214                     	;# 
   615  0215                     	;# 
   616  0215                     	;# 
   617  0215                     	;# 
   618  0215                     	;# 
   619  0216                     	;# 
   620  0216                     	;# 
   621  0217                     	;# 
   622  0217                     	;# 
   623  028C                     	;# 
   624  028E                     	;# 
   625  0291                     	;# 
   626  0291                     	;# 
   627  0292                     	;# 
   628  0293                     	;# 
   629  0293                     	;# 
   630  0298                     	;# 
   631  0298                     	;# 
   632  0299                     	;# 
   633  029A                     	;# 
   634  029A                     	;# 
   635  029E                     	;# 
   636  030C                     	;# 
   637  030E                     	;# 
   638  038C                     	;# 
   639  038E                     	;# 
   640  0391                     	;# 
   641  0392                     	;# 
   642  0393                     	;# 
   643  0397                     	;# 
   644  0398                     	;# 
   645  0399                     	;# 
   646  0415                     	;# 
   647  0416                     	;# 
   648  0417                     	;# 
   649  041C                     	;# 
   650  041D                     	;# 
   651  041E                     	;# 
   652  0511                     	;# 
   653  0515                     	;# 
   654  0617                     	;# 
   655  0618                     	;# 
   656  0619                     	;# 
   657  0619                     	;# 
   658  061A                     	;# 
   659  061B                     	;# 
   660  061C                     	;# 
   661  061C                     	;# 
   662  0691                     	;# 
   663  0692                     	;# 
   664  0693                     	;# 
   665  0694                     	;# 
   666  0695                     	;# 
   667  0696                     	;# 
   668  0697                     	;# 
   669  0698                     	;# 
   670  0699                     	;# 
   671  069A                     	;# 
   672  069B                     	;# 
   673  069C                     	;# 
   674  069D                     	;# 
   675  069E                     	;# 
   676  069F                     	;# 
   677  0E0F                     	;# 
   678  0E10                     	;# 
   679  0E11                     	;# 
   680  0E12                     	;# 
   681  0E13                     	;# 
   682  0E14                     	;# 
   683  0E15                     	;# 
   684  0E17                     	;# 
   685  0E20                     	;# 
   686  0E21                     	;# 
   687  0E22                     	;# 
   688  0E24                     	;# 
   689  0E25                     	;# 
   690  0E28                     	;# 
   691  0E29                     	;# 
   692  0E2A                     	;# 
   693  0E2B                     	;# 
   694  0E90                     	;# 
   695  0E91                     	;# 
   696  0E92                     	;# 
   697  0E94                     	;# 
   698  0E95                     	;# 
   699  0EA0                     	;# 
   700  0EA1                     	;# 
   701  0EA2                     	;# 
   702  0EA3                     	;# 
   703  0EA4                     	;# 
   704  0EA5                     	;# 
   705  0F0F                     	;# 
   706  0F10                     	;# 
   707  0F11                     	;# 
   708  0F12                     	;# 
   709  0F13                     	;# 
   710  0F14                     	;# 
   711  0F15                     	;# 
   712  0F16                     	;# 
   713  0F17                     	;# 
   714  0F18                     	;# 
   715  0F19                     	;# 
   716  0F1A                     	;# 
   717  0F1B                     	;# 
   718  0F1C                     	;# 
   719  0F1D                     	;# 
   720  0F1E                     	;# 
   721  0F1F                     	;# 
   722  0F20                     	;# 
   723  0F21                     	;# 
   724  0F22                     	;# 
   725  0F23                     	;# 
   726  0F24                     	;# 
   727  0F25                     	;# 
   728  0F26                     	;# 
   729  0F27                     	;# 
   730  0F28                     	;# 
   731  0F29                     	;# 
   732  0F2A                     	;# 
   733  0F2B                     	;# 
   734  0F2C                     	;# 
   735  0F2D                     	;# 
   736  0F9E                     	;# 
   737  0FE4                     	;# 
   738  0FE5                     	;# 
   739  0FE6                     	;# 
   740  0FE7                     	;# 
   741  0FE8                     	;# 
   742  0FE9                     	;# 
   743  0FEA                     	;# 
   744  0FEB                     	;# 
   745  0FED                     	;# 
   746  0FEE                     	;# 
   747  0FEF                     	;# 
   748  0000                     	;# 
   749  0001                     	;# 
   750  0002                     	;# 
   751  0003                     	;# 
   752  0004                     	;# 
   753  0005                     	;# 
   754  0006                     	;# 
   755  0007                     	;# 
   756  0008                     	;# 
   757  0009                     	;# 
   758  000A                     	;# 
   759  000B                     	;# 
   760  000C                     	;# 
   761  000E                     	;# 
   762  0011                     	;# 
   763  0012                     	;# 
   764  0013                     	;# 
   765  0015                     	;# 
   766  0016                     	;# 
   767  0016                     	;# 
   768  0017                     	;# 
   769  0018                     	;# 
   770  0019                     	;# 
   771  001A                     	;# 
   772  001B                     	;# 
   773  001C                     	;# 
   774  008C                     	;# 
   775  008E                     	;# 
   776  0091                     	;# 
   777  0092                     	;# 
   778  0093                     	;# 
   779  0095                     	;# 
   780  0096                     	;# 
   781  0097                     	;# 
   782  0098                     	;# 
   783  0099                     	;# 
   784  009A                     	;# 
   785  009B                     	;# 
   786  009B                     	;# 
   787  009C                     	;# 
   788  009D                     	;# 
   789  009E                     	;# 
   790  009F                     	;# 
   791  010C                     	;# 
   792  010E                     	;# 
   793  0111                     	;# 
   794  0112                     	;# 
   795  0113                     	;# 
   796  0114                     	;# 
   797  0115                     	;# 
   798  0116                     	;# 
   799  0117                     	;# 
   800  0118                     	;# 
   801  0119                     	;# 
   802  011C                     	;# 
   803  018C                     	;# 
   804  018E                     	;# 
   805  0191                     	;# 
   806  0191                     	;# 
   807  0192                     	;# 
   808  0193                     	;# 
   809  0193                     	;# 
   810  0194                     	;# 
   811  0195                     	;# 
   812  0196                     	;# 
   813  0197                     	;# 
   814  0199                     	;# 
   815  0199                     	;# 
   816  0199                     	;# 
   817  019A                     	;# 
   818  019A                     	;# 
   819  019A                     	;# 
   820  019B                     	;# 
   821  019B                     	;# 
   822  019B                     	;# 
   823  019B                     	;# 
   824  019B                     	;# 
   825  019C                     	;# 
   826  019C                     	;# 
   827  019C                     	;# 
   828  019D                     	;# 
   829  019D                     	;# 
   830  019D                     	;# 
   831  019E                     	;# 
   832  019E                     	;# 
   833  019E                     	;# 
   834  019F                     	;# 
   835  019F                     	;# 
   836  019F                     	;# 
   837  019F                     	;# 
   838  019F                     	;# 
   839  020C                     	;# 
   840  020E                     	;# 
   841  0211                     	;# 
   842  0211                     	;# 
   843  0212                     	;# 
   844  0212                     	;# 
   845  0213                     	;# 
   846  0213                     	;# 
   847  0214                     	;# 
   848  0214                     	;# 
   849  0215                     	;# 
   850  0215                     	;# 
   851  0215                     	;# 
   852  0215                     	;# 
   853  0216                     	;# 
   854  0216                     	;# 
   855  0217                     	;# 
   856  0217                     	;# 
   857  028C                     	;# 
   858  028E                     	;# 
   859  0291                     	;# 
   860  0291                     	;# 
   861  0292                     	;# 
   862  0293                     	;# 
   863  0293                     	;# 
   864  0298                     	;# 
   865  0298                     	;# 
   866  0299                     	;# 
   867  029A                     	;# 
   868  029A                     	;# 
   869  029E                     	;# 
   870  030C                     	;# 
   871  030E                     	;# 
   872  038C                     	;# 
   873  038E                     	;# 
   874  0391                     	;# 
   875  0392                     	;# 
   876  0393                     	;# 
   877  0397                     	;# 
   878  0398                     	;# 
   879  0399                     	;# 
   880  0415                     	;# 
   881  0416                     	;# 
   882  0417                     	;# 
   883  041C                     	;# 
   884  041D                     	;# 
   885  041E                     	;# 
   886  0511                     	;# 
   887  0515                     	;# 
   888  0617                     	;# 
   889  0618                     	;# 
   890  0619                     	;# 
   891  0619                     	;# 
   892  061A                     	;# 
   893  061B                     	;# 
   894  061C                     	;# 
   895  061C                     	;# 
   896  0691                     	;# 
   897  0692                     	;# 
   898  0693                     	;# 
   899  0694                     	;# 
   900  0695                     	;# 
   901  0696                     	;# 
   902  0697                     	;# 
   903  0698                     	;# 
   904  0699                     	;# 
   905  069A                     	;# 
   906  069B                     	;# 
   907  069C                     	;# 
   908  069D                     	;# 
   909  069E                     	;# 
   910  069F                     	;# 
   911  0E0F                     	;# 
   912  0E10                     	;# 
   913  0E11                     	;# 
   914  0E12                     	;# 
   915  0E13                     	;# 
   916  0E14                     	;# 
   917  0E15                     	;# 
   918  0E17                     	;# 
   919  0E20                     	;# 
   920  0E21                     	;# 
   921  0E22                     	;# 
   922  0E24                     	;# 
   923  0E25                     	;# 
   924  0E28                     	;# 
   925  0E29                     	;# 
   926  0E2A                     	;# 
   927  0E2B                     	;# 
   928  0E90                     	;# 
   929  0E91                     	;# 
   930  0E92                     	;# 
   931  0E94                     	;# 
   932  0E95                     	;# 
   933  0EA0                     	;# 
   934  0EA1                     	;# 
   935  0EA2                     	;# 
   936  0EA3                     	;# 
   937  0EA4                     	;# 
   938  0EA5                     	;# 
   939  0F0F                     	;# 
   940  0F10                     	;# 
   941  0F11                     	;# 
   942  0F12                     	;# 
   943  0F13                     	;# 
   944  0F14                     	;# 
   945  0F15                     	;# 
   946  0F16                     	;# 
   947  0F17                     	;# 
   948  0F18                     	;# 
   949  0F19                     	;# 
   950  0F1A                     	;# 
   951  0F1B                     	;# 
   952  0F1C                     	;# 
   953  0F1D                     	;# 
   954  0F1E                     	;# 
   955  0F1F                     	;# 
   956  0F20                     	;# 
   957  0F21                     	;# 
   958  0F22                     	;# 
   959  0F23                     	;# 
   960  0F24                     	;# 
   961  0F25                     	;# 
   962  0F26                     	;# 
   963  0F27                     	;# 
   964  0F28                     	;# 
   965  0F29                     	;# 
   966  0F2A                     	;# 
   967  0F2B                     	;# 
   968  0F2C                     	;# 
   969  0F2D                     	;# 
   970  0F9E                     	;# 
   971  0FE4                     	;# 
   972  0FE5                     	;# 
   973  0FE6                     	;# 
   974  0FE7                     	;# 
   975  0FE8                     	;# 
   976  0FE9                     	;# 
   977  0FEA                     	;# 
   978  0FEB                     	;# 
   979  0FED                     	;# 
   980  0FEE                     	;# 
   981  0FEF                     	;# 
   982  0000                     	;# 
   983  0001                     	;# 
   984  0002                     	;# 
   985  0003                     	;# 
   986  0004                     	;# 
   987  0005                     	;# 
   988  0006                     	;# 
   989  0007                     	;# 
   990  0008                     	;# 
   991  0009                     	;# 
   992  000A                     	;# 
   993  000B                     	;# 
   994  000C                     	;# 
   995  000E                     	;# 
   996  0011                     	;# 
   997  0012                     	;# 
   998  0013                     	;# 
   999  0015                     	;# 
  1000  0016                     	;# 
  1001  0016                     	;# 
  1002  0017                     	;# 
  1003  0018                     	;# 
  1004  0019                     	;# 
  1005  001A                     	;# 
  1006  001B                     	;# 
  1007  001C                     	;# 
  1008  008C                     	;# 
  1009  008E                     	;# 
  1010  0091                     	;# 
  1011  0092                     	;# 
  1012  0093                     	;# 
  1013  0095                     	;# 
  1014  0096                     	;# 
  1015  0097                     	;# 
  1016  0098                     	;# 
  1017  0099                     	;# 
  1018  009A                     	;# 
  1019  009B                     	;# 
  1020  009B                     	;# 
  1021  009C                     	;# 
  1022  009D                     	;# 
  1023  009E                     	;# 
  1024  009F                     	;# 
  1025  010C                     	;# 
  1026  010E                     	;# 
  1027  0111                     	;# 
  1028  0112                     	;# 
  1029  0113                     	;# 
  1030  0114                     	;# 
  1031  0115                     	;# 
  1032  0116                     	;# 
  1033  0117                     	;# 
  1034  0118                     	;# 
  1035  0119                     	;# 
  1036  011C                     	;# 
  1037  018C                     	;# 
  1038  018E                     	;# 
  1039  0191                     	;# 
  1040  0191                     	;# 
  1041  0192                     	;# 
  1042  0193                     	;# 
  1043  0193                     	;# 
  1044  0194                     	;# 
  1045  0195                     	;# 
  1046  0196                     	;# 
  1047  0197                     	;# 
  1048  0199                     	;# 
  1049  0199                     	;# 
  1050  0199                     	;# 
  1051  019A                     	;# 
  1052  019A                     	;# 
  1053  019A                     	;# 
  1054  019B                     	;# 
  1055  019B                     	;# 
  1056  019B                     	;# 
  1057  019B                     	;# 
  1058  019B                     	;# 
  1059  019C                     	;# 
  1060  019C                     	;# 
  1061  019C                     	;# 
  1062  019D                     	;# 
  1063  019D                     	;# 
  1064  019D                     	;# 
  1065  019E                     	;# 
  1066  019E                     	;# 
  1067  019E                     	;# 
  1068  019F                     	;# 
  1069  019F                     	;# 
  1070  019F                     	;# 
  1071  019F                     	;# 
  1072  019F                     	;# 
  1073  020C                     	;# 
  1074  020E                     	;# 
  1075  0211                     	;# 
  1076  0211                     	;# 
  1077  0212                     	;# 
  1078  0212                     	;# 
  1079  0213                     	;# 
  1080  0213                     	;# 
  1081  0214                     	;# 
  1082  0214                     	;# 
  1083  0215                     	;# 
  1084  0215                     	;# 
  1085  0215                     	;# 
  1086  0215                     	;# 
  1087  0216                     	;# 
  1088  0216                     	;# 
  1089  0217                     	;# 
  1090  0217                     	;# 
  1091  028C                     	;# 
  1092  028E                     	;# 
  1093  0291                     	;# 
  1094  0291                     	;# 
  1095  0292                     	;# 
  1096  0293                     	;# 
  1097  0293                     	;# 
  1098  0298                     	;# 
  1099  0298                     	;# 
  1100  0299                     	;# 
  1101  029A                     	;# 
  1102  029A                     	;# 
  1103  029E                     	;# 
  1104  030C                     	;# 
  1105  030E                     	;# 
  1106  038C                     	;# 
  1107  038E                     	;# 
  1108  0391                     	;# 
  1109  0392                     	;# 
  1110  0393                     	;# 
  1111  0397                     	;# 
  1112  0398                     	;# 
  1113  0399                     	;# 
  1114  0415                     	;# 
  1115  0416                     	;# 
  1116  0417                     	;# 
  1117  041C                     	;# 
  1118  041D                     	;# 
  1119  041E                     	;# 
  1120  0511                     	;# 
  1121  0515                     	;# 
  1122  0617                     	;# 
  1123  0618                     	;# 
  1124  0619                     	;# 
  1125  0619                     	;# 
  1126  061A                     	;# 
  1127  061B                     	;# 
  1128  061C                     	;# 
  1129  061C                     	;# 
  1130  0691                     	;# 
  1131  0692                     	;# 
  1132  0693                     	;# 
  1133  0694                     	;# 
  1134  0695                     	;# 
  1135  0696                     	;# 
  1136  0697                     	;# 
  1137  0698                     	;# 
  1138  0699                     	;# 
  1139  069A                     	;# 
  1140  069B                     	;# 
  1141  069C                     	;# 
  1142  069D                     	;# 
  1143  069E                     	;# 
  1144  069F                     	;# 
  1145  0E0F                     	;# 
  1146  0E10                     	;# 
  1147  0E11                     	;# 
  1148  0E12                     	;# 
  1149  0E13                     	;# 
  1150  0E14                     	;# 
  1151  0E15                     	;# 
  1152  0E17                     	;# 
  1153  0E20                     	;# 
  1154  0E21                     	;# 
  1155  0E22                     	;# 
  1156  0E24                     	;# 
  1157  0E25                     	;# 
  1158  0E28                     	;# 
  1159  0E29                     	;# 
  1160  0E2A                     	;# 
  1161  0E2B                     	;# 
  1162  0E90                     	;# 
  1163  0E91                     	;# 
  1164  0E92                     	;# 
  1165  0E94                     	;# 
  1166  0E95                     	;# 
  1167  0EA0                     	;# 
  1168  0EA1                     	;# 
  1169  0EA2                     	;# 
  1170  0EA3                     	;# 
  1171  0EA4                     	;# 
  1172  0EA5                     	;# 
  1173  0F0F                     	;# 
  1174  0F10                     	;# 
  1175  0F11                     	;# 
  1176  0F12                     	;# 
  1177  0F13                     	;# 
  1178  0F14                     	;# 
  1179  0F15                     	;# 
  1180  0F16                     	;# 
  1181  0F17                     	;# 
  1182  0F18                     	;# 
  1183  0F19                     	;# 
  1184  0F1A                     	;# 
  1185  0F1B                     	;# 
  1186  0F1C                     	;# 
  1187  0F1D                     	;# 
  1188  0F1E                     	;# 
  1189  0F1F                     	;# 
  1190  0F20                     	;# 
  1191  0F21                     	;# 
  1192  0F22                     	;# 
  1193  0F23                     	;# 
  1194  0F24                     	;# 
  1195  0F25                     	;# 
  1196  0F26                     	;# 
  1197  0F27                     	;# 
  1198  0F28                     	;# 
  1199  0F29                     	;# 
  1200  0F2A                     	;# 
  1201  0F2B                     	;# 
  1202  0F2C                     	;# 
  1203  0F2D                     	;# 
  1204  0F9E                     	;# 
  1205  0FE4                     	;# 
  1206  0FE5                     	;# 
  1207  0FE6                     	;# 
  1208  0FE7                     	;# 
  1209  0FE8                     	;# 
  1210  0FE9                     	;# 
  1211  0FEA                     	;# 
  1212  0FEB                     	;# 
  1213  0FED                     	;# 
  1214  0FEE                     	;# 
  1215  0FEF                     	;# 
  1216                           
  1217                           	psect	cinit
  1218  000F                     start_initialization:	
  1219                           ; #config settings
  1220                           
  1221  000F                     __initialization:	
  1222  000F                     end_of_initialization:	
  1223                           ;End of C runtime variable initialization code
  1224                           
  1225  000F                     __end_of__initialization:	
  1226  000F  107E               	bcf	int$flags,0	;clear compiler interrupt flag (level 1)
  1227  0010  0020               	movlb	0
  1228  0011  3180  2813         	ljmp	_main	;jump to C main() function
  1229                           
  1230                           	psect	cstackCOMMON
  1231  0070                     __pcstackCOMMON:	
  1232  0070                     ?_ConfigureOscillator:	
  1233  0070                     ?_InitApp:	
  1234                           ; 1 bytes @ 0x0
  1235                           
  1236  0070                     ?_isr:	
  1237                           ; 1 bytes @ 0x0
  1238                           
  1239  0070                     ??_isr:	
  1240                           ; 1 bytes @ 0x0
  1241                           
  1242  0070                     ?_main:	
  1243                           ; 1 bytes @ 0x0
  1244                           
  1245                           
  1246                           ; 1 bytes @ 0x0
  1247  0070                     	ds	1
  1248  0071                     ??_ConfigureOscillator:	
  1249  0071                     ??_InitApp:	
  1250                           ; 1 bytes @ 0x1
  1251                           
  1252  0071                     ??_main:	
  1253                           ; 1 bytes @ 0x1
  1254                           
  1255                           
  1256                           	psect	maintext
  1257  0013                     __pmaintext:	
  1258                           ; 1 bytes @ 0x1
  1259 ;;
  1260 ;;Main: autosize = 0, tempsize = 0, incstack = 0, save=0
  1261 ;;
  1262 ;; *************** function _main *****************
  1263 ;; Defined at:
  1264 ;;		line 24 in file "main.c"
  1265 ;; Parameters:    Size  Location     Type
  1266 ;;		None
  1267 ;; Auto vars:     Size  Location     Type
  1268 ;;		None
  1269 ;; Return value:  Size  Location     Type
  1270 ;;                  1    wreg      void 
  1271 ;; Registers used:
  1272 ;;		status,2, status,0, pclath, cstack
  1273 ;; Tracked objects:
  1274 ;;		On entry : B1F/0
  1275 ;;		On exit  : 0/0
  1276 ;;		Unchanged: 0/0
  1277 ;; Data sizes:     COMMON   BANK0   BANK1   BANK2   BANK3   BANK4   BANK5   BANK6   BANK7   BANK8   BANK9  BANK10  BANK1
      +1  BANK12
  1278 ;;      Params:         0       0       0       0       0       0       0       0       0       0       0       0       
      +0       0
  1279 ;;      Locals:         0       0       0       0       0       0       0       0       0       0       0       0       
      +0       0
  1280 ;;      Temps:          0       0       0       0       0       0       0       0       0       0       0       0       
      +0       0
  1281 ;;      Totals:         0       0       0       0       0       0       0       0       0       0       0       0       
      +0       0
  1282 ;;Total ram usage:        0 bytes
  1283 ;; Hardware stack levels required when called:    2
  1284 ;; This function calls:
  1285 ;;		_ConfigureOscillator
  1286 ;;		_InitApp
  1287 ;; This function is called by:
  1288 ;;		Startup code after reset
  1289 ;; This function uses a non-reentrant model
  1290 ;;
  1291                           
  1292                           
  1293                           ;psect for function _main
  1294  0013                     _main:	
  1295                           
  1296                           ;main.c: 26: ConfigureOscillator();
  1297                           
  1298                           ;incstack = 0
  1299                           ; Regs used in _main: [status,2+status,0+pclath+cstack]
  1300  0013  3180  201B  3180   	fcall	_ConfigureOscillator
  1301                           
  1302                           ;main.c: 29: InitApp();
  1303  0016  3180  201A  3180   	fcall	_InitApp
  1304  0019                     l14:	
  1305                           ;main.c: 32: while (1) {
  1306                           
  1307  0019  2819               	goto	l14
  1308  001A                     __end_of_main:	
  1309                           
  1310                           	psect	text1
  1311  001A                     __ptext1:	
  1312 ;; *************** function _InitApp *****************
  1313 ;; Defined at:
  1314 ;;		line 22 in file "user.c"
  1315 ;; Parameters:    Size  Location     Type
  1316 ;;		None
  1317 ;; Auto vars:     Size  Location     Type
  1318 ;;		None
  1319 ;; Return value:  Size  Location     Type
  1320 ;;                  1    wreg      void 
  1321 ;; Registers used:
  1322 ;;		None
  1323 ;; Tracked objects:
  1324 ;;		On entry : 0/0
  1325 ;;		On exit  : 0/0
  1326 ;;		Unchanged: 0/0
  1327 ;; Data sizes:     COMMON   BANK0   BANK1   BANK2   BANK3   BANK4   BANK5   BANK6   BANK7   BANK8   BANK9  BANK10  BANK1
      +1  BANK12
  1328 ;;      Params:         0       0       0       0       0       0       0       0       0       0       0       0       
      +0       0
  1329 ;;      Locals:         0       0       0       0       0       0       0       0       0       0       0       0       
      +0       0
  1330 ;;      Temps:          0       0       0       0       0       0       0       0       0       0       0       0       
      +0       0
  1331 ;;      Totals:         0       0       0       0       0       0       0       0       0       0       0       0       
      +0       0
  1332 ;;Total ram usage:        0 bytes
  1333 ;; Hardware stack levels used:    1
  1334 ;; Hardware stack levels required when called:    1
  1335 ;; This function calls:
  1336 ;;		Nothing
  1337 ;; This function is called by:
  1338 ;;		_main
  1339 ;; This function uses a non-reentrant model
  1340 ;;
  1341                           
  1342                           
  1343                           ;psect for function _InitApp
  1344  001A                     _InitApp:	
  1345                           
  1346                           ;incstack = 0
  1347                           ; Regs used in _InitApp: []
  1348  001A  0008               	return
  1349  001B                     __end_of_InitApp:	
  1350                           
  1351                           	psect	text2
  1352  001B                     __ptext2:	
  1353 ;; *************** function _ConfigureOscillator *****************
  1354 ;; Defined at:
  1355 ;;		line 18 in file "system.c"
  1356 ;; Parameters:    Size  Location     Type
  1357 ;;		None
  1358 ;; Auto vars:     Size  Location     Type
  1359 ;;		None
  1360 ;; Return value:  Size  Location     Type
  1361 ;;                  1    wreg      void 
  1362 ;; Registers used:
  1363 ;;		None
  1364 ;; Tracked objects:
  1365 ;;		On entry : 0/0
  1366 ;;		On exit  : 0/0
  1367 ;;		Unchanged: 0/0
  1368 ;; Data sizes:     COMMON   BANK0   BANK1   BANK2   BANK3   BANK4   BANK5   BANK6   BANK7   BANK8   BANK9  BANK10  BANK1
      +1  BANK12
  1369 ;;      Params:         0       0       0       0       0       0       0       0       0       0       0       0       
      +0       0
  1370 ;;      Locals:         0       0       0       0       0       0       0       0       0       0       0       0       
      +0       0
  1371 ;;      Temps:          0       0       0       0       0       0       0       0       0       0       0       0       
      +0       0
  1372 ;;      Totals:         0       0       0       0       0       0       0       0       0       0       0       0       
      +0       0
  1373 ;;Total ram usage:        0 bytes
  1374 ;; Hardware stack levels used:    1
  1375 ;; Hardware stack levels required when called:    1
  1376 ;; This function calls:
  1377 ;;		Nothing
  1378 ;; This function is called by:
  1379 ;;		_main
  1380 ;; This function uses a non-reentrant model
  1381 ;;
  1382                           
  1383                           
  1384                           ;psect for function _ConfigureOscillator
  1385  001B                     _ConfigureOscillator:	
  1386                           
  1387                           ;incstack = 0
  1388                           ; Regs used in _ConfigureOscillator: []
  1389  001B  0008               	return
  1390  001C                     __end_of_ConfigureOscillator:	
  1391                           
  1392                           	psect	intentry
  1393  0004                     __pintentry:	
  1394 ;; *************** function _isr *****************
  1395 ;; Defined at:
  1396 ;;		line 23 in file "interrupts.c"
  1397 ;; Parameters:    Size  Location     Type
  1398 ;;		None
  1399 ;; Auto vars:     Size  Location     Type
  1400 ;;		None
  1401 ;; Return value:  Size  Location     Type
  1402 ;;                  1    wreg      void 
  1403 ;; Registers used:
  1404 ;;		None
  1405 ;; Tracked objects:
  1406 ;;		On entry : 0/0
  1407 ;;		On exit  : 0/0
  1408 ;;		Unchanged: 0/0
  1409 ;; Data sizes:     COMMON   BANK0   BANK1   BANK2   BANK3   BANK4   BANK5   BANK6   BANK7   BANK8   BANK9  BANK10  BANK1
      +1  BANK12
  1410 ;;      Params:         0       0       0       0       0       0       0       0       0       0       0       0       
      +0       0
  1411 ;;      Locals:         0       0       0       0       0       0       0       0       0       0       0       0       
      +0       0
  1412 ;;      Temps:          1       0       0       0       0       0       0       0       0       0       0       0       
      +0       0
  1413 ;;      Totals:         1       0       0       0       0       0       0       0       0       0       0       0       
      +0       0
  1414 ;;Total ram usage:        1 bytes
  1415 ;; Hardware stack levels used:    1
  1416 ;; This function calls:
  1417 ;;		Nothing
  1418 ;; This function is called by:
  1419 ;;		Interrupt level 1
  1420 ;; This function uses a non-reentrant model
  1421 ;;
  1422                           
  1423  0004                     _isr:	
  1424                           
  1425                           ;incstack = 0
  1426  0004  147E               	bsf	126,0	;set compiler interrupt flag (level 1)
  1427                           
  1428                           ; Regs used in _isr: []
  1429  0005  3180               	pagesel	$
  1430  0006  0020               	movlb	0	; select bank0
  1431  0007  087F               	movf	127,w
  1432  0008  00F0               	movwf	??_isr
  1433  0009  0870               	movf	??_isr,w
  1434  000A  00FF               	movwf	127
  1435  000B  107E               	bcf	126,0	;clear compiler interrupt flag (level 1)
  1436  000C  0009               	retfie
  1437  000D                     __end_of_isr:	
  1438  007E                     btemp	set	126	;btemp
  1439  007E                     int$flags	set	126
  1440  007E                     wtemp0	set	126


Data Sizes:
    Strings     0
    Constant    0
    Data        0
    BSS         0
    Persistent  0
    Stack       0

Auto Spaces:
    Space          Size  Autos    Used
    COMMON           14      1       1
    BANK0            80      0       0
    BANK1            80      0       0
    BANK2            80      0       0
    BANK3            80      0       0
    BANK4            80      0       0
    BANK5            80      0       0
    BANK6            80      0       0
    BANK7            80      0       0
    BANK8            80      0       0
    BANK9            80      0       0
    BANK10           80      0       0
    BANK11           80      0       0
    BANK12           48      0       0

Pointer List with Targets:

    None.

Critical Paths under _main in COMMON

    None.

Critical Paths under _isr in COMMON

    None.

Critical Paths under _main in BANK0

    None.

Critical Paths under _isr in BANK0

    None.

Critical Paths under _main in BANK1

    None.

Critical Paths under _isr in BANK1

    None.

Critical Paths under _main in BANK2

    None.

Critical Paths under _isr in BANK2

    None.

Critical Paths under _main in BANK3

    None.

Critical Paths under _isr in BANK3

    None.

Critical Paths under _main in BANK4

    None.

Critical Paths under _isr in BANK4

    None.

Critical Paths under _main in BANK5

    None.

Critical Paths under _isr in BANK5

    None.

Critical Paths under _main in BANK6

    None.

Critical Paths under _isr in BANK6

    None.

Critical Paths under _main in BANK7

    None.

Critical Paths under _isr in BANK7

    None.

Critical Paths under _main in BANK8

    None.

Critical Paths under _isr in BANK8

    None.

Critical Paths under _main in BANK9

    None.

Critical Paths under _isr in BANK9

    None.

Critical Paths under _main in BANK10

    None.

Critical Paths under _isr in BANK10

    None.

Critical Paths under _main in BANK11

    None.

Critical Paths under _isr in BANK11

    None.

Critical Paths under _main in BANK12

    None.

Critical Paths under _isr in BANK12

    None.

Call Graph Tables:

 ---------------------------------------------------------------------------------
 (Depth) Function   	        Calls       Base Space   Used Autos Params    Refs
 ---------------------------------------------------------------------------------
 (0) _main                                                 0     0      0       0
                _ConfigureOscillator
                            _InitApp
 ---------------------------------------------------------------------------------
 (1) _InitApp                                              0     0      0       0
 ---------------------------------------------------------------------------------
 (1) _ConfigureOscillator                                  0     0      0       0
 ---------------------------------------------------------------------------------
 Estimated maximum stack depth 1
 ---------------------------------------------------------------------------------
 (Depth) Function   	        Calls       Base Space   Used Autos Params    Refs
 ---------------------------------------------------------------------------------
 (2) _isr                                                  1     1      0       0
                                              0 COMMON     1     1      0
 ---------------------------------------------------------------------------------
 Estimated maximum stack depth 2
 ---------------------------------------------------------------------------------

 Call Graph Graphs:

 _main (ROOT)
   _ConfigureOscillator
   _InitApp

 _isr (ROOT)

 Address spaces:
Name               Size   Autos  Total    Cost      Usage
BIGRAM             3F0      0       0       0        0.0%
NULL                 0      0       0       0        0.0%
CODE                 0      0       0       0        0.0%
BITCOMMON            E      0       0       1        0.0%
BITSFR0              0      0       0       1        0.0%
SFR0                 0      0       0       1        0.0%
COMMON               E      1       1       2        7.1%
BITSFR1              0      0       0       2        0.0%
SFR1                 0      0       0       2        0.0%
BITSFR2              0      0       0       3        0.0%
SFR2                 0      0       0       3        0.0%
STACK                0      0       0       3        0.0%
BITBANK0            50      0       0       4        0.0%
BITSFR3              0      0       0       4        0.0%
SFR3                 0      0       0       4        0.0%
BANK0               50      0       0       5        0.0%
BITSFR4              0      0       0       5        0.0%
SFR4                 0      0       0       5        0.0%
BITBANK1            50      0       0       6        0.0%
BITSFR5              0      0       0       6        0.0%
SFR5                 0      0       0       6        0.0%
BANK1               50      0       0       7        0.0%
BITSFR6              0      0       0       7        0.0%
SFR6                 0      0       0       7        0.0%
BITBANK2            50      0       0       8        0.0%
BITSFR7              0      0       0       8        0.0%
SFR7                 0      0       0       8        0.0%
BANK2               50      0       0       9        0.0%
BITSFR8              0      0       0       9        0.0%
SFR8                 0      0       0       9        0.0%
BITBANK3            50      0       0      10        0.0%
BITSFR9              0      0       0      10        0.0%
SFR9                 0      0       0      10        0.0%
BANK3               50      0       0      11        0.0%
BITSFR10             0      0       0      11        0.0%
SFR10                0      0       0      11        0.0%
BITBANK4            50      0       0      12        0.0%
BITSFR11             0      0       0      12        0.0%
SFR11                0      0       0      12        0.0%
BANK4               50      0       0      13        0.0%
BITSFR12             0      0       0      13        0.0%
SFR12                0      0       0      13        0.0%
BITBANK5            50      0       0      14        0.0%
BITSFR13             0      0       0      14        0.0%
SFR13                0      0       0      14        0.0%
BANK5               50      0       0      15        0.0%
BITSFR14             0      0       0      15        0.0%
SFR14                0      0       0      15        0.0%
BITBANK6            50      0       0      16        0.0%
BITSFR15             0      0       0      16        0.0%
SFR15                0      0       0      16        0.0%
BANK6               50      0       0      17        0.0%
BITSFR16             0      0       0      17        0.0%
SFR16                0      0       0      17        0.0%
BITBANK7            50      0       0      18        0.0%
BITSFR17             0      0       0      18        0.0%
SFR17                0      0       0      18        0.0%
BANK7               50      0       0      19        0.0%
BITSFR18             0      0       0      19        0.0%
SFR18                0      0       0      19        0.0%
BITSFR19             0      0       0      20        0.0%
SFR19                0      0       0      20        0.0%
ABS                  0      0       0      20        0.0%
BITBANK8            50      0       0      21        0.0%
BITSFR20             0      0       0      21        0.0%
SFR20                0      0       0      21        0.0%
BANK8               50      0       0      22        0.0%
BITSFR21             0      0       0      22        0.0%
SFR21                0      0       0      22        0.0%
BITBANK9            50      0       0      23        0.0%
BITSFR22             0      0       0      23        0.0%
SFR22                0      0       0      23        0.0%
BANK9               50      0       0      24        0.0%
BITSFR23             0      0       0      24        0.0%
SFR23                0      0       0      24        0.0%
BITBANK10           50      0       0      25        0.0%
BITSFR24             0      0       0      25        0.0%
SFR24                0      0       0      25        0.0%
BANK10              50      0       0      26        0.0%
BITSFR25             0      0       0      26        0.0%
SFR25                0      0       0      26        0.0%
BITBANK11           50      0       0      27        0.0%
BITSFR26             0      0       0      27        0.0%
SFR26                0      0       0      27        0.0%
BANK11              50      0       0      28        0.0%
BITSFR27             0      0       0      28        0.0%
SFR27                0      0       0      28        0.0%
BITBANK12           30      0       0      29        0.0%
BITSFR28             0      0       0      29        0.0%
SFR28                0      0       0      29        0.0%
BANK12              30      0       0      30        0.0%
BITSFR29             0      0       0      30        0.0%
SFR29                0      0       0      30        0.0%
BITSFR30             0      0       0      31        0.0%
SFR30                0      0       0      31        0.0%
DATA                 0      0       0      31        0.0%
BITSFR31             0      0       0      32        0.0%
SFR31                0      0       0      32        0.0%


Microchip Technology PIC Macro Assembler V1.45 build -152302408 
Symbol Table                                                                                   Mon Apr 29 14:12:13 2019

                          l14 0019                           _isr 0004                          ?_isr 0070  
                        _main 0013                          btemp 007E                          start 000D  
             __end_of_InitApp 001B                         ??_isr 0070                         ?_main 0070  
         _ConfigureOscillator 001B                         wtemp0 007E          ?_ConfigureOscillator 0070  
             __initialization 000F                  __end_of_main 001A                        ??_main 0071  
                   ??_InitApp 0071         ??_ConfigureOscillator 0071       __end_of__initialization 000F  
              __pcstackCOMMON 0070                    __pmaintext 0013                    __pintentry 0004  
                     _InitApp 001A                       __ptext1 001A                       __ptext2 001B  
                __size_of_isr 0009          end_of_initialization 000F   __end_of_ConfigureOscillator 001C  
         start_initialization 000F                   __end_of_isr 000D                     ___latbits 0002  
                    ?_InitApp 0070              __size_of_InitApp 0001                 __size_of_main 0007  
__size_of_ConfigureOscillator 0001                      int$flags 007E                      intlevel1 0000  
